<?xml version="1.0" encoding="UTF-8"?>
<!-- Generated by org.testng.reporters.JUnitXMLReporter -->
<testsuite hostname="DESKTOP-VN1V6RC" ignored="0" name="Default test" tests="3" failures="0" timestamp="2020-04-25T14:10:21 PKT" time="0.064" errors="0">
  <testcase name="test" time="0.01" classname="testNGPackage.DataProviderClass"/>
  <testcase name="test" time="0.002" classname="testNGPackage.DataProviderClass"/>
  <testcase name="test" time="0.001" classname="testNGPackage.DataProviderClass"/>
</testsuite> <!-- Default test -->
